{"C:\\localhost\\vue2-black-jack\\src\\components\\Card.vue": {"path":"C:\\localhost\\vue2-black-jack\\src\\components\\Card.vue","statementMap":{"0":{"start":{"line":9,"column":0},"end":{"line":77,"column":null}},"1":{"start":{"line":1,"column":0},"end":{"line":1,"column":null}}},"fnMap":{"0":{"name":"(anonymous_6)","decl":{"start":{"line":1,"column":0},"end":{"line":1,"column":null}},"loc":{"start":{"line":1,"column":0},"end":{"line":1,"column":null}}}},"branchMap":{"0":{"loc":{"start":{"line":1,"column":0},"end":{"line":1,"column":null}},"type":"cond-expr","locations":[{"start":{"line":1,"column":0},"end":{"line":1,"column":null}},{"start":{"line":1,"column":0},"end":{"line":1,"column":null}}]}},"s":{"0":1,"1":6},"f":{"0":1},"b":{"0":[0,1]}}
,"C:\\localhost\\vue2-black-jack\\src\\components\\Buttons\\BlackJackButton.vue": {"path":"C:\\localhost\\vue2-black-jack\\src\\components\\Buttons\\BlackJackButton.vue","statementMap":{"0":{"start":{"line":4,"column":0},"end":{"line":8,"column":null}},"1":{"start":{"line":1,"column":0},"end":{"line":1,"column":null}}},"fnMap":{"0":{"name":"(anonymous_0)","decl":{"start":{"line":1,"column":0},"end":{"line":1,"column":null}},"loc":{"start":{"line":1,"column":0},"end":{"line":1,"column":null}}}},"branchMap":{},"s":{"0":4,"1":12},"f":{"0":0},"b":{}}
,"C:\\localhost\\vue2-black-jack\\src\\components\\Buttons\\Double.vue": {"path":"C:\\localhost\\vue2-black-jack\\src\\components\\Buttons\\Double.vue","statementMap":{"0":{"start":{"line":1,"column":0},"end":{"line":1,"column":null}}},"fnMap":{"0":{"name":"(anonymous_0)","decl":{"start":{"line":1,"column":0},"end":{"line":1,"column":null}},"loc":{"start":{"line":1,"column":0},"end":{"line":1,"column":null}}}},"branchMap":{},"s":{"0":7},"f":{"0":2},"b":{}}
,"C:\\localhost\\vue2-black-jack\\src\\components\\Buttons\\Hit.vue": {"path":"C:\\localhost\\vue2-black-jack\\src\\components\\Buttons\\Hit.vue","statementMap":{"0":{"start":{"line":1,"column":0},"end":{"line":1,"column":null}}},"fnMap":{"0":{"name":"(anonymous_0)","decl":{"start":{"line":1,"column":0},"end":{"line":1,"column":null}},"loc":{"start":{"line":1,"column":0},"end":{"line":1,"column":null}}}},"branchMap":{},"s":{"0":7},"f":{"0":2},"b":{}}
,"C:\\localhost\\vue2-black-jack\\src\\components\\Buttons\\Split.vue": {"path":"C:\\localhost\\vue2-black-jack\\src\\components\\Buttons\\Split.vue","statementMap":{"0":{"start":{"line":1,"column":0},"end":{"line":1,"column":null}}},"fnMap":{"0":{"name":"(anonymous_0)","decl":{"start":{"line":1,"column":0},"end":{"line":1,"column":null}},"loc":{"start":{"line":1,"column":0},"end":{"line":1,"column":null}}}},"branchMap":{},"s":{"0":7},"f":{"0":2},"b":{}}
,"C:\\localhost\\vue2-black-jack\\src\\components\\Buttons\\Stand.vue": {"path":"C:\\localhost\\vue2-black-jack\\src\\components\\Buttons\\Stand.vue","statementMap":{"0":{"start":{"line":1,"column":0},"end":{"line":1,"column":null}}},"fnMap":{"0":{"name":"(anonymous_0)","decl":{"start":{"line":1,"column":0},"end":{"line":1,"column":null}},"loc":{"start":{"line":1,"column":0},"end":{"line":1,"column":null}}}},"branchMap":{},"s":{"0":7},"f":{"0":2},"b":{}}
,"C:\\localhost\\vue2-black-jack\\src\\utils\\cardLogic.js": {"path":"C:\\localhost\\vue2-black-jack\\src\\utils\\cardLogic.js","statementMap":{"0":{"start":{"line":7,"column":16},"end":{"line":7,"column":36}},"1":{"start":{"line":9,"column":15},"end":{"line":9,"column":63}},"2":{"start":{"line":11,"column":13},"end":{"line":21,"column":1}},"3":{"start":{"line":12,"column":20},"end":{"line":12,"column":22}},"4":{"start":{"line":13,"column":2},"end":{"line":19,"column":3}},"5":{"start":{"line":13,"column":19},"end":{"line":13,"column":20}},"6":{"start":{"line":14,"column":26},"end":{"line":14,"column":40}},"7":{"start":{"line":15,"column":4},"end":{"line":18,"column":5}},"8":{"start":{"line":15,"column":21},"end":{"line":15,"column":22}},"9":{"start":{"line":16,"column":27},"end":{"line":16,"column":40}},"10":{"start":{"line":17,"column":6},"end":{"line":17,"column":51}},"11":{"start":{"line":20,"column":2},"end":{"line":20,"column":19}},"12":{"start":{"line":23,"column":16},"end":{"line":41,"column":1}},"13":{"start":{"line":24,"column":21},"end":{"line":24,"column":33}},"14":{"start":{"line":28,"column":2},"end":{"line":38,"column":3}},"15":{"start":{"line":30,"column":4},"end":{"line":30,"column":59}},"16":{"start":{"line":31,"column":4},"end":{"line":31,"column":19}},"17":{"start":{"line":34,"column":4},"end":{"line":37,"column":6}},"18":{"start":{"line":40,"column":2},"end":{"line":40,"column":15}},"19":{"start":{"line":43,"column":21},"end":{"line":43,"column":34}},"20":{"start":{"line":45,"column":0},"end":{"line":45,"column":57}}},"fnMap":{"0":{"name":"(anonymous_0)","decl":{"start":{"line":11,"column":13},"end":{"line":11,"column":14}},"loc":{"start":{"line":11,"column":25},"end":{"line":21,"column":1}},"line":11},"1":{"name":"(anonymous_1)","decl":{"start":{"line":23,"column":16},"end":{"line":23,"column":17}},"loc":{"start":{"line":23,"column":27},"end":{"line":41,"column":1}},"line":23}},"branchMap":{},"s":{"0":1,"1":1,"2":1,"3":1,"4":1,"5":1,"6":4,"7":4,"8":4,"9":52,"10":52,"11":1,"12":1,"13":1,"14":1,"15":0,"16":0,"17":0,"18":1,"19":1,"20":1},"f":{"0":1,"1":1},"b":{},"_coverageSchema":"1a1c01bbd47fc00a2c39e90264f33305004495a9","hash":"6c2d2a92fddbef631cec20a60235b16838d4350f"}
}
