TN:
SF:src\components\Card.vue
FN:1,(anonymous_6)
FNF:1
FNH:1
FNDA:1,(anonymous_6)
DA:1,6
DA:9,1
LF:2
LH:2
BRDA:1,0,0,0
BRDA:1,0,1,1
BRF:2
BRH:1
end_of_record
TN:
SF:src\components\Buttons\BlackJackButton.vue
FN:1,(anonymous_0)
FNF:1
FNH:0
FNDA:0,(anonymous_0)
DA:1,12
DA:4,4
LF:2
LH:2
BRF:0
BRH:0
end_of_record
TN:
SF:src\components\Buttons\Double.vue
FN:1,(anonymous_0)
FNF:1
FNH:1
FNDA:2,(anonymous_0)
DA:1,7
LF:1
LH:1
BRF:0
BRH:0
end_of_record
TN:
SF:src\components\Buttons\Hit.vue
FN:1,(anonymous_0)
FNF:1
FNH:1
FNDA:2,(anonymous_0)
DA:1,7
LF:1
LH:1
BRF:0
BRH:0
end_of_record
TN:
SF:src\components\Buttons\Split.vue
FN:1,(anonymous_0)
FNF:1
FNH:1
FNDA:2,(anonymous_0)
DA:1,7
LF:1
LH:1
BRF:0
BRH:0
end_of_record
TN:
SF:src\components\Buttons\Stand.vue
FN:1,(anonymous_0)
FNF:1
FNH:1
FNDA:2,(anonymous_0)
DA:1,7
LF:1
LH:1
BRF:0
BRH:0
end_of_record
TN:
SF:src\utils\cardLogic.js
FN:11,(anonymous_0)
FN:23,(anonymous_1)
FNF:2
FNH:2
FNDA:1,(anonymous_0)
FNDA:1,(anonymous_1)
DA:7,1
DA:9,1
DA:11,1
DA:12,1
DA:13,1
DA:14,4
DA:15,4
DA:16,52
DA:17,52
DA:20,1
DA:23,1
DA:24,1
DA:28,1
DA:30,0
DA:31,0
DA:34,0
DA:40,1
DA:43,1
DA:45,1
LF:19
LH:16
BRF:0
BRH:0
end_of_record
